<?xml version="1.0" encoding="UTF-8"?>
<!-- Generated by org.testng.reporters.JUnitReportReporter -->
<testsuite skipped="0" hostname="MDP3612" name="job.kambista.training.test.KambistaTest" tests="7" failures="0" timestamp="18 jun 2019 15:12:56 GMT" time="35.985" errors="0">
  <testcase name="registroCorrecto" time="4.917" classname="job.kambista.training.test.KambistaTest"/>
  <testcase name="emailInvalido" time="5.001" classname="job.kambista.training.test.KambistaTest"/>
  <testcase name="claveInvalida" time="5.543" classname="job.kambista.training.test.KambistaTest"/>
  <testcase name="emailAndClaveInvalida" time="5.283" classname="job.kambista.training.test.KambistaTest"/>
  <testcase name="faltaEmail" time="4.596" classname="job.kambista.training.test.KambistaTest"/>
  <testcase name="faltaClave" time="5.808" classname="job.kambista.training.test.KambistaTest"/>
  <testcase name="faltaEmailAndClave" time="4.837" classname="job.kambista.training.test.KambistaTest"/>
</testsuite> <!-- job.kambista.training.test.KambistaTest -->
